26/04/2016 06:58:41.845 - [ihm.Main.main] - [INFO] - STARTED
26/04/2016 06:58:47.477 - [dal.DalServicesImpl.executeQuery] - [FINEST] - SELECT m.id, m.id_student, m.id_program, m.id_partner, m.type, m.preference_order, m.country, m.id_department, m.quadrimester, m.status, m.canceled, m.departure_grant_contract, m.departure_convention_internship_schoolarship, m.departure_student_convention, m.departure_erasmus_language_test, m.departure_doc_aggreement, m.depart_doc_sent_highschool, m.software_proeco, m.software_mobility_tools, m.software_mobi, m.return_residence_cert, m.return_transcript, m.return_internship_cert, m.return_final_report, m.return_erasmus_language_test, m.return_doc_sent_highschool, m.cancelation_reason, m.academic_year, m.ver_nr, amount, first_payment_date, second_payment_date,  u.id, u.id_department, u.pseudo, u.name, u.firstname, u.email, u.registration_date, u.permissions, u.birth_date, u.street, u.house_number, u.mailbox, u.zip, u.city, u.country, u.tel, u.gender, u.successfull_year_in_college, u.iban, u.bic, u.account_holder, u.bank_name, u.citizenship, u.ver_nr, pro.id, pro.name, pro.description, pro.ver_nr, par.id, par.id_user, par.legal_name, par.business_name, par.full_name, par.department,par.type, par.nb_employees, par.street, par.number, par.mailbox, par.zip, par.city,par.state,par.country, par.email, par.website, par.exists, par.ver_nr,co.iso, co.name_en, co.name_fr, co.id_program,d.id, d.label, d.ver_nr ,c.id, c.reason, c.responsible, c.ver_nr FROM bmobile.mobilities m LEFT OUTER JOIN bmobile.partners par ON m.id_partner = par.id LEFT OUTER JOIN bmobile.cancelations c ON m.cancelation_reason = c.id, bmobile.users u, bmobile.programs pro, bmobile.countries co, bmobile.departments d WHERE (m.id_student = u.id) AND (m.id_program = pro.id) AND (m.country = co.iso) AND (m.id_department = d.id) AND (u.pseudo = 'martin' ) ORDER BY m.id ASC
26/04/2016 06:58:48.788 - [dal.DalServicesImpl.executeQuery] - [FINEST] - SELECT id, name, description, ver_nr FROM bmobile.programs
26/04/2016 06:58:48.848 - [dal.DalServicesImpl.executeQuery] - [FINEST] - SELECT id, label, ver_nr FROM bmobile.departments
26/04/2016 06:58:48.906 - [dal.DalServicesImpl.executeQuery] - [FINEST] - SELECT iso, name_en, name_fr, id_program FROM bmobile.countries ORDER BY name_fr
26/04/2016 06:58:48.970 - [dal.DalServicesImpl.executeQuery] - [FINEST] - SELECT p.id, p.id_user, p.legal_name, p.business_name, p.full_name, p.department, p.type, p.nb_employees, p.street, p.number, p.mailbox, p.zip, p.city, p.state, p.country, p.tel, p.email, p.website, p.exists, p.ver_nr FROM bmobile.partners p
26/04/2016 06:58:53.471 - [dal.DalServicesImpl.executeQuery] - [FINEST] - SELECT u.id, u.id_department, u.pseudo, u.password, u.name, u.firstname, u.email, u.registration_date, u.permissions, u.birth_date, u.street, u.citizenship, u.house_number, u.mailbox, u.zip, u.city, u.country, u.tel, u.gender, u.successfull_year_in_college, u.iban, u.bic, u.account_holder, u.bank_name, u.ver_nr, co.iso, co.name_en, co.name_fr, co.id_program FROM bmobile.users u LEFT OUTER JOIN bmobile.countries co ON u.country = co.iso WHERE id=1
26/04/2016 06:58:53.537 - [dal.DalServicesImpl.executeQuery] - [FINEST] - SELECT id, name, description, ver_nr FROM bmobile.programs WHERE name='FAME'
26/04/2016 06:58:53.596 - [dal.DalServicesImpl.executeQuery] - [FINEST] - SELECT id, label, ver_nr FROM bmobile.departments WHERE label='Informatique de gestion'
26/04/2016 06:58:53.649 - [dal.DalServicesImpl.executeQuery] - [FINEST] - SELECT iso, name_en, name_fr, id_program FROM bmobile.countries WHERE name_fr='Afghanistan'
26/04/2016 06:59:46.583 - [ihm.Main.main] - [INFO] - STARTED
26/04/2016 07:00:12.191 - [dal.DalServicesImpl.executeQuery] - [FINEST] - SELECT id, name, description, ver_nr FROM bmobile.programs
26/04/2016 07:00:12.256 - [dal.DalServicesImpl.executeQuery] - [FINEST] - SELECT id, label, ver_nr FROM bmobile.departments
26/04/2016 07:00:12.319 - [dal.DalServicesImpl.executeQuery] - [FINEST] - SELECT iso, name_en, name_fr, id_program FROM bmobile.countries ORDER BY name_fr
26/04/2016 07:00:12.397 - [dal.DalServicesImpl.executeQuery] - [FINEST] - SELECT p.id, p.id_user, p.legal_name, p.business_name, p.full_name, p.department, p.type, p.nb_employees, p.street, p.number, p.mailbox, p.zip, p.city, p.state, p.country, p.tel, p.email, p.website, p.exists, p.ver_nr FROM bmobile.partners p
26/04/2016 07:00:14.287 - [dal.DalServicesImpl.executeQuery] - [FINEST] - SELECT u.id, u.id_department, u.pseudo, u.password, u.name, u.firstname, u.email, u.registration_date, u.permissions, u.birth_date, u.street, u.citizenship, u.house_number, u.mailbox, u.zip, u.city, u.country, u.tel, u.gender, u.successfull_year_in_college, u.iban, u.bic, u.account_holder, u.bank_name, u.ver_nr, co.iso, co.name_en, co.name_fr, co.id_program FROM bmobile.users u LEFT OUTER JOIN bmobile.countries co ON u.country = co.iso WHERE id=1
26/04/2016 07:00:14.348 - [dal.DalServicesImpl.executeQuery] - [FINEST] - SELECT id, name, description, ver_nr FROM bmobile.programs WHERE name='Erasmus+'
26/04/2016 07:00:14.435 - [dal.DalServicesImpl.executeQuery] - [FINEST] - SELECT id, label, ver_nr FROM bmobile.departments WHERE label='Informatique de gestion'
26/04/2016 07:00:14.497 - [dal.DalServicesImpl.executeQuery] - [FINEST] - SELECT iso, name_en, name_fr, id_program FROM bmobile.countries WHERE name_fr='Allemagne'
26/04/2016 07:00:41.874 - [ihm.Main.main] - [INFO] - STARTED
26/04/2016 07:00:52.220 - [dal.DalServicesImpl.executeQuery] - [FINEST] - SELECT id, name, description, ver_nr FROM bmobile.programs
26/04/2016 07:00:52.280 - [dal.DalServicesImpl.executeQuery] - [FINEST] - SELECT id, label, ver_nr FROM bmobile.departments
26/04/2016 07:00:52.334 - [dal.DalServicesImpl.executeQuery] - [FINEST] - SELECT iso, name_en, name_fr, id_program FROM bmobile.countries ORDER BY name_fr
26/04/2016 07:00:52.429 - [dal.DalServicesImpl.executeQuery] - [FINEST] - SELECT p.id, p.id_user, p.legal_name, p.business_name, p.full_name, p.department, p.type, p.nb_employees, p.street, p.number, p.mailbox, p.zip, p.city, p.state, p.country, p.tel, p.email, p.website, p.exists, p.ver_nr FROM bmobile.partners p
26/04/2016 07:00:53.956 - [dal.DalServicesImpl.executeQuery] - [FINEST] - SELECT u.id, u.id_department, u.pseudo, u.password, u.name, u.firstname, u.email, u.registration_date, u.permissions, u.birth_date, u.street, u.citizenship, u.house_number, u.mailbox, u.zip, u.city, u.country, u.tel, u.gender, u.successfull_year_in_college, u.iban, u.bic, u.account_holder, u.bank_name, u.ver_nr, co.iso, co.name_en, co.name_fr, co.id_program FROM bmobile.users u LEFT OUTER JOIN bmobile.countries co ON u.country = co.iso WHERE id=1
26/04/2016 07:00:54.025 - [dal.DalServicesImpl.executeQuery] - [FINEST] - SELECT id, name, description, ver_nr FROM bmobile.programs WHERE name='Erasmus+'
26/04/2016 07:00:54.099 - [dal.DalServicesImpl.executeQuery] - [FINEST] - SELECT id, label, ver_nr FROM bmobile.departments WHERE label='Informatique de gestion'
26/04/2016 07:00:54.154 - [dal.DalServicesImpl.executeQuery] - [FINEST] - SELECT iso, name_en, name_fr, id_program FROM bmobile.countries WHERE name_fr='Allemagne'
26/04/2016 07:01:28.717 - [ihm.Main.main] - [INFO] - STARTED
26/04/2016 07:01:57.632 - [dal.DalServicesImpl.executeQuery] - [FINEST] - SELECT id, name, description, ver_nr FROM bmobile.programs
26/04/2016 07:01:57.693 - [dal.DalServicesImpl.executeQuery] - [FINEST] - SELECT id, label, ver_nr FROM bmobile.departments
26/04/2016 07:01:57.744 - [dal.DalServicesImpl.executeQuery] - [FINEST] - SELECT iso, name_en, name_fr, id_program FROM bmobile.countries ORDER BY name_fr
26/04/2016 07:01:57.817 - [dal.DalServicesImpl.executeQuery] - [FINEST] - SELECT p.id, p.id_user, p.legal_name, p.business_name, p.full_name, p.department, p.type, p.nb_employees, p.street, p.number, p.mailbox, p.zip, p.city, p.state, p.country, p.tel, p.email, p.website, p.exists, p.ver_nr FROM bmobile.partners p
26/04/2016 07:01:58.926 - [dal.DalServicesImpl.executeQuery] - [FINEST] - SELECT u.id, u.id_department, u.pseudo, u.password, u.name, u.firstname, u.email, u.registration_date, u.permissions, u.birth_date, u.street, u.citizenship, u.house_number, u.mailbox, u.zip, u.city, u.country, u.tel, u.gender, u.successfull_year_in_college, u.iban, u.bic, u.account_holder, u.bank_name, u.ver_nr, co.iso, co.name_en, co.name_fr, co.id_program FROM bmobile.users u LEFT OUTER JOIN bmobile.countries co ON u.country = co.iso WHERE id=1
26/04/2016 07:01:58.988 - [dal.DalServicesImpl.executeQuery] - [FINEST] - SELECT id, name, description, ver_nr FROM bmobile.programs WHERE name='Erasmus+'
26/04/2016 07:01:59.037 - [dal.DalServicesImpl.executeQuery] - [FINEST] - SELECT id, label, ver_nr FROM bmobile.departments WHERE label='Informatique de gestion'
26/04/2016 07:01:59.092 - [dal.DalServicesImpl.executeQuery] - [FINEST] - SELECT iso, name_en, name_fr, id_program FROM bmobile.countries WHERE name_fr='Allemagne'
26/04/2016 07:02:55.736 - [ihm.Main.main] - [INFO] - STARTED
26/04/2016 07:03:01.756 - [dal.DalServicesImpl.executeQuery] - [FINEST] - SELECT id, name, description, ver_nr FROM bmobile.programs
26/04/2016 07:03:01.835 - [dal.DalServicesImpl.executeQuery] - [FINEST] - SELECT id, label, ver_nr FROM bmobile.departments
26/04/2016 07:03:01.886 - [dal.DalServicesImpl.executeQuery] - [FINEST] - SELECT iso, name_en, name_fr, id_program FROM bmobile.countries ORDER BY name_fr
26/04/2016 07:03:01.968 - [dal.DalServicesImpl.executeQuery] - [FINEST] - SELECT p.id, p.id_user, p.legal_name, p.business_name, p.full_name, p.department, p.type, p.nb_employees, p.street, p.number, p.mailbox, p.zip, p.city, p.state, p.country, p.tel, p.email, p.website, p.exists, p.ver_nr FROM bmobile.partners p
26/04/2016 07:03:02.924 - [dal.DalServicesImpl.executeQuery] - [FINEST] - SELECT u.id, u.id_department, u.pseudo, u.password, u.name, u.firstname, u.email, u.registration_date, u.permissions, u.birth_date, u.street, u.citizenship, u.house_number, u.mailbox, u.zip, u.city, u.country, u.tel, u.gender, u.successfull_year_in_college, u.iban, u.bic, u.account_holder, u.bank_name, u.ver_nr, co.iso, co.name_en, co.name_fr, co.id_program FROM bmobile.users u LEFT OUTER JOIN bmobile.countries co ON u.country = co.iso WHERE id=1
26/04/2016 07:03:02.976 - [dal.DalServicesImpl.executeQuery] - [FINEST] - SELECT id, name, description, ver_nr FROM bmobile.programs WHERE name='Erasmus+'
26/04/2016 07:03:03.051 - [dal.DalServicesImpl.executeQuery] - [FINEST] - SELECT id, label, ver_nr FROM bmobile.departments WHERE label='Informatique de gestion'
26/04/2016 07:03:03.112 - [dal.DalServicesImpl.executeQuery] - [FINEST] - SELECT iso, name_en, name_fr, id_program FROM bmobile.countries WHERE name_fr='Allemagne'
26/04/2016 07:04:45.016 - [dal.DalServicesImpl.executeQuery] - [FINEST] - SELECT id, name, description, ver_nr FROM bmobile.programs
26/04/2016 07:04:45.097 - [dal.DalServicesImpl.executeQuery] - [FINEST] - SELECT id, label, ver_nr FROM bmobile.departments
26/04/2016 07:04:45.155 - [dal.DalServicesImpl.executeQuery] - [FINEST] - SELECT iso, name_en, name_fr, id_program FROM bmobile.countries ORDER BY name_fr
26/04/2016 07:04:45.242 - [dal.DalServicesImpl.executeQuery] - [FINEST] - SELECT p.id, p.id_user, p.legal_name, p.business_name, p.full_name, p.department, p.type, p.nb_employees, p.street, p.number, p.mailbox, p.zip, p.city, p.state, p.country, p.tel, p.email, p.website, p.exists, p.ver_nr FROM bmobile.partners p
26/04/2016 07:04:49.665 - [ihm.Main.main] - [INFO] - STARTED
26/04/2016 07:05:24.038 - [dal.DalServicesImpl.executeQuery] - [FINEST] - SELECT id, name, description, ver_nr FROM bmobile.programs
26/04/2016 07:05:24.111 - [dal.DalServicesImpl.executeQuery] - [FINEST] - SELECT id, label, ver_nr FROM bmobile.departments
26/04/2016 07:05:24.165 - [dal.DalServicesImpl.executeQuery] - [FINEST] - SELECT iso, name_en, name_fr, id_program FROM bmobile.countries ORDER BY name_fr
26/04/2016 07:05:24.242 - [dal.DalServicesImpl.executeQuery] - [FINEST] - SELECT p.id, p.id_user, p.legal_name, p.business_name, p.full_name, p.department, p.type, p.nb_employees, p.street, p.number, p.mailbox, p.zip, p.city, p.state, p.country, p.tel, p.email, p.website, p.exists, p.ver_nr FROM bmobile.partners p
26/04/2016 07:05:26.065 - [dal.DalServicesImpl.executeQuery] - [FINEST] - SELECT u.id, u.id_department, u.pseudo, u.password, u.name, u.firstname, u.email, u.registration_date, u.permissions, u.birth_date, u.street, u.citizenship, u.house_number, u.mailbox, u.zip, u.city, u.country, u.tel, u.gender, u.successfull_year_in_college, u.iban, u.bic, u.account_holder, u.bank_name, u.ver_nr, co.iso, co.name_en, co.name_fr, co.id_program FROM bmobile.users u LEFT OUTER JOIN bmobile.countries co ON u.country = co.iso WHERE id=1
26/04/2016 07:05:26.126 - [dal.DalServicesImpl.executeQuery] - [FINEST] - SELECT id, name, description, ver_nr FROM bmobile.programs WHERE name='Erasmus+'
26/04/2016 07:05:26.182 - [dal.DalServicesImpl.executeQuery] - [FINEST] - SELECT id, label, ver_nr FROM bmobile.departments WHERE label='Informatique de gestion'
26/04/2016 07:05:26.246 - [dal.DalServicesImpl.executeQuery] - [FINEST] - SELECT iso, name_en, name_fr, id_program FROM bmobile.countries WHERE name_fr='Allemagne'
26/04/2016 07:05:26.308 - [dal.DalServicesImpl.executeUpdate] - [FINEST] - INSERT INTO bmobile.mobilities VALUES (DEFAULT,1,1,NULL,'SMS',1,'DE','BIN',1,'En attente',0,FALSE,FALSE,FALSE,FALSE,FALSE,FALSE,FALSE,FALSE,FALSE,FALSE,FALSE,FALSE,FALSE,FALSE,FALSE,FALSE,FALSE,FALSE,NULL,'2015-2016',0)
26/04/2016 07:05:42.100 - [dal.DalServicesImpl.executeQuery] - [FINEST] - SELECT u.id, u.id_department, u.pseudo, u.password, u.name, u.firstname, u.email, u.registration_date, u.permissions, u.birth_date, u.street, u.citizenship, u.house_number, u.mailbox, u.zip, u.city, u.country, u.tel, u.gender, u.successfull_year_in_college, u.iban, u.bic, u.account_holder, u.bank_name, u.ver_nr, co.iso, co.name_en, co.name_fr, co.id_program FROM bmobile.users u LEFT OUTER JOIN bmobile.countries co ON u.country = co.iso WHERE id=1
26/04/2016 07:05:42.195 - [dal.DalServicesImpl.executeQuery] - [FINEST] - SELECT id, name, description, ver_nr FROM bmobile.programs WHERE name='FAME'
26/04/2016 07:05:42.245 - [dal.DalServicesImpl.executeQuery] - [FINEST] - SELECT id, label, ver_nr FROM bmobile.departments WHERE label='Informatique de gestion'
26/04/2016 07:05:42.306 - [dal.DalServicesImpl.executeQuery] - [FINEST] - SELECT iso, name_en, name_fr, id_program FROM bmobile.countries WHERE name_fr='Afghanistan'
26/04/2016 07:05:42.345 - [dal.DalServicesImpl.executeQuery] - [FINEST] - SELECT par.id, par.id_user, par.legal_name, par.business_name, par.full_name, par.department,par.type, par.nb_employees, par.street, par.number, par.mailbox, par.zip, par.city, par.state, par.country, par.email, par.website, par.exists, par.tel par.ver_nr, u.id, u.id_department, u.pseudo, u.password, u.name, u.firstname, u.email,  u.registration_date, u.permissions, u.birth_date, u.street, u.citizenship, u.house_number, u.mailbox, u.zip, u.city, u.country, u.tel, u.gender, u.successfull_year_in_college, u.iban, u.bic, u.account_holder, u.bank_name, u.ver_nr, co.iso, co.name_en, co.name_fr, co.id_program FROM bmobile.partners par LEFT OUTER JOIN bmobile.users u ON par.id_user = u.id, bmobile.countries co par WHERE par.country = co.id par.id = 2
26/04/2016 07:05:42.427 - [dal.DalServicesImpl.executeQuery] - [SEVERE] - ERROR: syntax error at or near "."
  Position : 249
26/04/2016 07:11:55.000 - [ihm.Main.main] - [INFO] - STARTED
26/04/2016 07:12:10.855 - [ihm.Main.main] - [INFO] - STARTED
26/04/2016 07:12:25.322 - [dal.DalServicesImpl.executeQuery] - [FINEST] - SELECT id, name, description, ver_nr FROM bmobile.programs
26/04/2016 07:12:25.385 - [dal.DalServicesImpl.executeQuery] - [FINEST] - SELECT id, label, ver_nr FROM bmobile.departments
26/04/2016 07:12:25.434 - [dal.DalServicesImpl.executeQuery] - [FINEST] - SELECT iso, name_en, name_fr, id_program FROM bmobile.countries ORDER BY name_fr
26/04/2016 07:12:25.505 - [dal.DalServicesImpl.executeQuery] - [FINEST] - SELECT p.id, p.id_user, p.legal_name, p.business_name, p.full_name, p.department, p.type, p.nb_employees, p.street, p.number, p.mailbox, p.zip, p.city, p.state, p.country, p.tel, p.email, p.website, p.exists, p.ver_nr FROM bmobile.partners p
26/04/2016 07:12:29.943 - [dal.DalServicesImpl.executeQuery] - [FINEST] - SELECT u.id, u.id_department, u.pseudo, u.password, u.name, u.firstname, u.email, u.registration_date, u.permissions, u.birth_date, u.street, u.citizenship, u.house_number, u.mailbox, u.zip, u.city, u.country, u.tel, u.gender, u.successfull_year_in_college, u.iban, u.bic, u.account_holder, u.bank_name, u.ver_nr, co.iso, co.name_en, co.name_fr, co.id_program FROM bmobile.users u LEFT OUTER JOIN bmobile.countries co ON u.country = co.iso WHERE id=1
26/04/2016 07:12:30.003 - [dal.DalServicesImpl.executeQuery] - [FINEST] - SELECT id, name, description, ver_nr FROM bmobile.programs WHERE name='FAME'
26/04/2016 07:12:30.080 - [dal.DalServicesImpl.executeQuery] - [FINEST] - SELECT id, label, ver_nr FROM bmobile.departments WHERE label='Informatique de gestion'
26/04/2016 07:12:30.140 - [dal.DalServicesImpl.executeQuery] - [FINEST] - SELECT iso, name_en, name_fr, id_program FROM bmobile.countries WHERE name_fr='Afghanistan'
26/04/2016 07:12:30.191 - [dal.DalServicesImpl.executeQuery] - [FINEST] - SELECT par.id, par.id_user, par.legal_name, par.business_name, par.full_name, par.department,par.type, par.nb_employees, par.street, par.number, par.mailbox, par.zip, par.city, par.state, par.country, par.email, par.website, par.exists, par.tel, par.ver_nr, u.id, u.id_department, u.pseudo, u.password, u.name, u.firstname, u.email,  u.registration_date, u.permissions, u.birth_date, u.street, u.citizenship, u.house_number, u.mailbox, u.zip, u.city, u.country, u.tel, u.gender, u.successfull_year_in_college, u.iban, u.bic, u.account_holder, u.bank_name, u.ver_nr, co.iso, co.name_en, co.name_fr, co.id_program FROM bmobile.partners par LEFT OUTER JOIN bmobile.users u ON par.id_user = u.id, bmobile.countries co par WHERE par.country = co.id par.id = 2
26/04/2016 07:12:30.230 - [dal.DalServicesImpl.executeQuery] - [SEVERE] - ERROR: syntax error at or near "par"
  Position : 715
26/04/2016 07:14:45.791 - [ihm.Main.main] - [INFO] - STARTED
26/04/2016 07:15:04.843 - [dal.DalServicesImpl.executeQuery] - [FINEST] - SELECT id, name, description, ver_nr FROM bmobile.programs
26/04/2016 07:15:04.903 - [dal.DalServicesImpl.executeQuery] - [FINEST] - SELECT id, label, ver_nr FROM bmobile.departments
26/04/2016 07:15:04.976 - [dal.DalServicesImpl.executeQuery] - [FINEST] - SELECT iso, name_en, name_fr, id_program FROM bmobile.countries ORDER BY name_fr
26/04/2016 07:15:05.039 - [dal.DalServicesImpl.executeQuery] - [FINEST] - SELECT p.id, p.id_user, p.legal_name, p.business_name, p.full_name, p.department, p.type, p.nb_employees, p.street, p.number, p.mailbox, p.zip, p.city, p.state, p.country, p.tel, p.email, p.website, p.exists, p.ver_nr FROM bmobile.partners p
26/04/2016 07:15:08.452 - [dal.DalServicesImpl.executeQuery] - [FINEST] - SELECT u.id, u.id_department, u.pseudo, u.password, u.name, u.firstname, u.email, u.registration_date, u.permissions, u.birth_date, u.street, u.citizenship, u.house_number, u.mailbox, u.zip, u.city, u.country, u.tel, u.gender, u.successfull_year_in_college, u.iban, u.bic, u.account_holder, u.bank_name, u.ver_nr, co.iso, co.name_en, co.name_fr, co.id_program FROM bmobile.users u LEFT OUTER JOIN bmobile.countries co ON u.country = co.iso WHERE id=1
26/04/2016 07:15:08.520 - [dal.DalServicesImpl.executeQuery] - [FINEST] - SELECT id, name, description, ver_nr FROM bmobile.programs WHERE name='FAME'
26/04/2016 07:15:08.576 - [dal.DalServicesImpl.executeQuery] - [FINEST] - SELECT id, label, ver_nr FROM bmobile.departments WHERE label='Informatique de gestion'
26/04/2016 07:15:08.629 - [dal.DalServicesImpl.executeQuery] - [FINEST] - SELECT iso, name_en, name_fr, id_program FROM bmobile.countries WHERE name_fr='Afghanistan'
26/04/2016 07:15:08.701 - [dal.DalServicesImpl.executeQuery] - [FINEST] - SELECT par.id, par.id_user, par.legal_name, par.business_name, par.full_name, par.department,par.type, par.nb_employees, par.street, par.number, par.mailbox, par.zip, par.city, par.state, par.country, par.email, par.website, par.exists, par.tel, par.ver_nr, u.id, u.id_department, u.pseudo, u.password, u.name, u.firstname, u.email,  u.registration_date, u.permissions, u.birth_date, u.street, u.citizenship, u.house_number, u.mailbox, u.zip, u.city, u.country, u.tel, u.gender, u.successfull_year_in_college, u.iban, u.bic, u.account_holder, u.bank_name, u.ver_nr, co.iso, co.name_en, co.name_fr, co.id_program FROM bmobile.partners par LEFT OUTER JOIN bmobile.users u ON par.id_user = u.id, bmobile.countries co WHERE par.country = co.id par.id = 2
26/04/2016 07:15:08.725 - [dal.DalServicesImpl.executeQuery] - [SEVERE] - ERROR: syntax error at or near "par"
  Position : 741
26/04/2016 07:15:29.968 - [ihm.Main.main] - [INFO] - STARTED
26/04/2016 07:15:53.028 - [dal.DalServicesImpl.executeQuery] - [FINEST] - SELECT id, name, description, ver_nr FROM bmobile.programs
26/04/2016 07:15:53.096 - [dal.DalServicesImpl.executeQuery] - [FINEST] - SELECT id, label, ver_nr FROM bmobile.departments
26/04/2016 07:15:53.155 - [dal.DalServicesImpl.executeQuery] - [FINEST] - SELECT iso, name_en, name_fr, id_program FROM bmobile.countries ORDER BY name_fr
26/04/2016 07:15:53.205 - [dal.DalServicesImpl.executeQuery] - [FINEST] - SELECT p.id, p.id_user, p.legal_name, p.business_name, p.full_name, p.department, p.type, p.nb_employees, p.street, p.number, p.mailbox, p.zip, p.city, p.state, p.country, p.tel, p.email, p.website, p.exists, p.ver_nr FROM bmobile.partners p
26/04/2016 07:15:57.340 - [dal.DalServicesImpl.executeQuery] - [FINEST] - SELECT u.id, u.id_department, u.pseudo, u.password, u.name, u.firstname, u.email, u.registration_date, u.permissions, u.birth_date, u.street, u.citizenship, u.house_number, u.mailbox, u.zip, u.city, u.country, u.tel, u.gender, u.successfull_year_in_college, u.iban, u.bic, u.account_holder, u.bank_name, u.ver_nr, co.iso, co.name_en, co.name_fr, co.id_program FROM bmobile.users u LEFT OUTER JOIN bmobile.countries co ON u.country = co.iso WHERE id=1
26/04/2016 07:15:57.397 - [dal.DalServicesImpl.executeQuery] - [FINEST] - SELECT id, name, description, ver_nr FROM bmobile.programs WHERE name='FAME'
26/04/2016 07:15:57.449 - [dal.DalServicesImpl.executeQuery] - [FINEST] - SELECT id, label, ver_nr FROM bmobile.departments WHERE label='Informatique de gestion'
26/04/2016 07:15:57.500 - [dal.DalServicesImpl.executeQuery] - [FINEST] - SELECT iso, name_en, name_fr, id_program FROM bmobile.countries WHERE name_fr='Afghanistan'
26/04/2016 07:15:57.563 - [dal.DalServicesImpl.executeQuery] - [FINEST] - SELECT par.id, par.id_user, par.legal_name, par.business_name, par.full_name, par.department,par.type, par.nb_employees, par.street, par.number, par.mailbox, par.zip, par.city, par.state, par.country, par.email, par.website, par.exists, par.tel, par.ver_nr, u.id, u.id_department, u.pseudo, u.password, u.name, u.firstname, u.email,  u.registration_date, u.permissions, u.birth_date, u.street, u.citizenship, u.house_number, u.mailbox, u.zip, u.city, u.country, u.tel, u.gender, u.successfull_year_in_college, u.iban, u.bic, u.account_holder, u.bank_name, u.ver_nr, co.iso, co.name_en, co.name_fr, co.id_program FROM bmobile.partners par LEFT OUTER JOIN bmobile.users u ON par.id_user = u.id, bmobile.countries co WHERE par.country = co.id AND par.id = 1
26/04/2016 07:15:57.604 - [dal.DalServicesImpl.executeQuery] - [SEVERE] - ERROR: column co.id does not exist
  Position : 735
26/04/2016 07:16:31.175 - [ihm.Main.main] - [INFO] - STARTED
26/04/2016 07:16:38.874 - [dal.DalServicesImpl.executeQuery] - [FINEST] - SELECT id, name, description, ver_nr FROM bmobile.programs
26/04/2016 07:16:38.948 - [dal.DalServicesImpl.executeQuery] - [FINEST] - SELECT id, label, ver_nr FROM bmobile.departments
26/04/2016 07:16:38.998 - [dal.DalServicesImpl.executeQuery] - [FINEST] - SELECT iso, name_en, name_fr, id_program FROM bmobile.countries ORDER BY name_fr
26/04/2016 07:16:39.073 - [dal.DalServicesImpl.executeQuery] - [FINEST] - SELECT p.id, p.id_user, p.legal_name, p.business_name, p.full_name, p.department, p.type, p.nb_employees, p.street, p.number, p.mailbox, p.zip, p.city, p.state, p.country, p.tel, p.email, p.website, p.exists, p.ver_nr FROM bmobile.partners p
26/04/2016 07:16:43.832 - [dal.DalServicesImpl.executeQuery] - [FINEST] - SELECT u.id, u.id_department, u.pseudo, u.password, u.name, u.firstname, u.email, u.registration_date, u.permissions, u.birth_date, u.street, u.citizenship, u.house_number, u.mailbox, u.zip, u.city, u.country, u.tel, u.gender, u.successfull_year_in_college, u.iban, u.bic, u.account_holder, u.bank_name, u.ver_nr, co.iso, co.name_en, co.name_fr, co.id_program FROM bmobile.users u LEFT OUTER JOIN bmobile.countries co ON u.country = co.iso WHERE id=1
26/04/2016 07:16:43.898 - [dal.DalServicesImpl.executeQuery] - [FINEST] - SELECT id, name, description, ver_nr FROM bmobile.programs WHERE name='FAME'
26/04/2016 07:16:43.954 - [dal.DalServicesImpl.executeQuery] - [FINEST] - SELECT id, label, ver_nr FROM bmobile.departments WHERE label='Informatique de gestion'
26/04/2016 07:16:44.024 - [dal.DalServicesImpl.executeQuery] - [FINEST] - SELECT iso, name_en, name_fr, id_program FROM bmobile.countries WHERE name_fr='Afghanistan'
26/04/2016 07:16:44.074 - [dal.DalServicesImpl.executeQuery] - [FINEST] - SELECT par.id, par.id_user, par.legal_name, par.business_name, par.full_name, par.department,par.type, par.nb_employees, par.street, par.number, par.mailbox, par.zip, par.city, par.state, par.country, par.email, par.website, par.exists, par.tel, par.ver_nr, u.id, u.id_department, u.pseudo, u.password, u.name, u.firstname, u.email,  u.registration_date, u.permissions, u.birth_date, u.street, u.citizenship, u.house_number, u.mailbox, u.zip, u.city, u.country, u.tel, u.gender, u.successfull_year_in_college, u.iban, u.bic, u.account_holder, u.bank_name, u.ver_nr, co.iso, co.name_en, co.name_fr, co.id_program FROM bmobile.partners par LEFT OUTER JOIN bmobile.users u ON par.id_user = u.id, bmobile.countries co WHERE par.country = co.iso AND par.id = 2
26/04/2016 07:16:44.154 - [dal.DalServicesImpl.executeUpdate] - [FINEST] - INSERT INTO bmobile.mobilities VALUES (DEFAULT,1,3,2,'SMS',1,'AF','BIN',1,'En attente',0,FALSE,FALSE,FALSE,FALSE,FALSE,FALSE,FALSE,FALSE,FALSE,FALSE,FALSE,FALSE,FALSE,FALSE,FALSE,FALSE,FALSE,FALSE,NULL,'2015-2016',0)
26/04/2016 07:17:13.211 - [dal.DalServicesImpl.executeQuery] - [FINEST] - SELECT u.id, u.id_department, u.pseudo, u.password, u.name, u.firstname, u.email, u.registration_date, u.permissions, u.birth_date, u.street, u.citizenship, u.house_number, u.mailbox, u.zip, u.city, u.country, u.tel, u.gender, u.successfull_year_in_college, u.iban, u.bic, u.account_holder, u.bank_name, u.ver_nr, co.iso, co.name_en, co.name_fr, co.id_program FROM bmobile.users u LEFT OUTER JOIN bmobile.countries co ON u.country = co.iso WHERE id=1
26/04/2016 07:17:13.266 - [dal.DalServicesImpl.executeQuery] - [FINEST] - SELECT id, name, description, ver_nr FROM bmobile.programs WHERE name='FAME'
26/04/2016 07:17:13.320 - [dal.DalServicesImpl.executeQuery] - [FINEST] - SELECT id, label, ver_nr FROM bmobile.departments WHERE label='Informatique de gestion'
26/04/2016 07:17:13.378 - [dal.DalServicesImpl.executeQuery] - [FINEST] - SELECT iso, name_en, name_fr, id_program FROM bmobile.countries WHERE name_fr='Afghanistan'
26/04/2016 07:17:13.439 - [dal.DalServicesImpl.executeUpdate] - [FINEST] - INSERT INTO bmobile.mobilities VALUES (DEFAULT,1,3,NULL,'SMS',1,'AF','BIN',1,'En attente',0,FALSE,FALSE,FALSE,FALSE,FALSE,FALSE,FALSE,FALSE,FALSE,FALSE,FALSE,FALSE,FALSE,FALSE,FALSE,FALSE,FALSE,FALSE,NULL,'2015-2016',0)
26/04/2016 07:22:04.322 - [ihm.Main.main] - [INFO] - STARTED
26/04/2016 07:22:09.098 - [dal.DalServicesImpl.executeQuery] - [FINEST] - SELECT id, name, description, ver_nr FROM bmobile.programs
26/04/2016 07:22:09.176 - [dal.DalServicesImpl.executeQuery] - [FINEST] - SELECT id, label, ver_nr FROM bmobile.departments
26/04/2016 07:22:09.223 - [dal.DalServicesImpl.executeQuery] - [FINEST] - SELECT iso, name_en, name_fr, id_program FROM bmobile.countries ORDER BY name_fr
26/04/2016 07:22:09.303 - [dal.DalServicesImpl.executeQuery] - [FINEST] - SELECT p.id, p.id_user, p.legal_name, p.business_name, p.full_name, p.department, p.type, p.nb_employees, p.street, p.number, p.mailbox, p.zip, p.city, p.state, p.country, p.tel, p.email, p.website, p.exists, p.ver_nr FROM bmobile.partners p
26/04/2016 07:22:10.622 - [dal.DalServicesImpl.executeQuery] - [FINEST] - SELECT m.id, m.id_student, m.id_program, m.id_partner, m.type, m.preference_order, m.country, m.id_department, m.quadrimester, m.status, m.canceled, m.departure_grant_contract, m.departure_convention_internship_schoolarship, m.departure_student_convention, m.departure_erasmus_language_test, m.departure_doc_aggreement, m.depart_doc_sent_highschool, m.software_proeco, m.software_mobility_tools, m.software_mobi, m.return_residence_cert, m.return_transcript, m.return_internship_cert, m.return_final_report, m.return_erasmus_language_test, m.return_doc_sent_highschool, m.cancelation_reason, m.academic_year, m.ver_nr, amount, first_payment_date, second_payment_date,  u.id, u.id_department, u.pseudo, u.name, u.firstname, u.email, u.registration_date, u.permissions, u.birth_date, u.street, u.house_number, u.mailbox, u.zip, u.city, u.country, u.tel, u.gender, u.successfull_year_in_college, u.iban, u.bic, u.account_holder, u.bank_name, u.citizenship, u.ver_nr, pro.id, pro.name, pro.description, pro.ver_nr, par.id, par.id_user, par.legal_name, par.business_name, par.full_name, par.department,par.type, par.nb_employees, par.street, par.number, par.mailbox, par.zip, par.city,par.state,par.country, par.email, par.website, par.exists, par.ver_nr,co.iso, co.name_en, co.name_fr, co.id_program,d.id, d.label, d.ver_nr ,c.id, c.reason, c.responsible, c.ver_nr FROM bmobile.mobilities m LEFT OUTER JOIN bmobile.partners par ON m.id_partner = par.id LEFT OUTER JOIN bmobile.cancelations c ON m.cancelation_reason = c.id, bmobile.users u, bmobile.programs pro, bmobile.countries co, bmobile.departments d WHERE (m.id_student = u.id) AND (m.id_program = pro.id) AND (m.country = co.iso) AND (m.id_department = d.id) AND (u.pseudo = 'martin' ) ORDER BY m.id ASC
26/04/2016 07:22:35.033 - [ihm.Servlet.disconnect] - [INFO] - [STUDENT] "martin" disconnected.
26/04/2016 07:22:38.569 - [dal.DalServicesImpl.executeQuery] - [FINEST] - SELECT u.id, u.id_department, u.pseudo, u.password, u.name, u.firstname, u.email, u.registration_date, u.permissions, u.birth_date, u.street, u.citizenship, u.house_number, u.mailbox, u.zip, u.city, u.country, u.tel, u.gender, u.successfull_year_in_college, u.iban, u.bic, u.account_holder, u.bank_name, u.ver_nr, co.iso, co.name_en, co.name_fr, co.id_program FROM bmobile.users u LEFT OUTER JOIN bmobile.countries co ON u.country = co.iso WHERE pseudo='prof'
26/04/2016 07:22:38.708 - [ucc.implementations.UserUcControllerImpl.login] - [INFO] - [TEACHER] "prof" connected
26/04/2016 07:22:38.786 - [dal.DalServicesImpl.executeQuery] - [FINEST] - SELECT m.id, m.id_student, m.id_program, m.id_partner, m.type, m.preference_order, m.country, m.id_department, m.quadrimester, m.status, m.canceled, m.departure_grant_contract, m.departure_convention_internship_schoolarship, m.departure_student_convention, m.departure_erasmus_language_test, m.departure_doc_aggreement, m.depart_doc_sent_highschool, m.software_proeco, m.software_mobility_tools, m.software_mobi, m.return_residence_cert, m.return_transcript, m.return_internship_cert, m.return_final_report, m.return_erasmus_language_test, m.return_doc_sent_highschool, m.cancelation_reason, m.academic_year, m.ver_nr, amount, first_payment_date, second_payment_date,  u.id, u.id_department, u.pseudo, u.name, u.firstname, u.email, u.registration_date, u.permissions, u.birth_date, u.street, u.house_number, u.mailbox, u.zip, u.city, u.country, u.tel, u.gender, u.successfull_year_in_college, u.iban, u.bic, u.account_holder, u.bank_name, u.citizenship, u.ver_nr, pro.id, pro.name, pro.description, pro.ver_nr, par.id, par.id_user, par.legal_name, par.business_name, par.full_name, par.department,par.type, par.nb_employees, par.street, par.number, par.mailbox, par.zip, par.city,par.state,par.country, par.email, par.website, par.exists, par.ver_nr,co.iso, co.name_en, co.name_fr, co.id_program,d.id, d.label, d.ver_nr ,c.id, c.reason, c.responsible, c.ver_nr FROM bmobile.mobilities m LEFT OUTER JOIN bmobile.partners par ON m.id_partner = par.id LEFT OUTER JOIN bmobile.cancelations c ON m.cancelation_reason = c.id, bmobile.users u, bmobile.programs pro, bmobile.countries co, bmobile.departments d WHERE (m.id_student = u.id) AND (m.id_program = pro.id) AND (m.country = co.iso) AND (m.id_department = d.id) AND m.status != 'En attente' AND m.canceled = 'false' ORDER BY m.id ASC
26/04/2016 07:22:40.776 - [dal.DalServicesImpl.executeQuery] - [FINEST] - SELECT m.id, m.id_student, m.id_program, m.id_partner, m.type, m.preference_order, m.country, m.id_department, m.quadrimester, m.status, m.canceled, m.departure_grant_contract, m.departure_convention_internship_schoolarship, m.departure_student_convention, m.departure_erasmus_language_test, m.departure_doc_aggreement, m.depart_doc_sent_highschool, m.software_proeco, m.software_mobility_tools, m.software_mobi, m.return_residence_cert, m.return_transcript, m.return_internship_cert, m.return_final_report, m.return_erasmus_language_test, m.return_doc_sent_highschool, m.cancelation_reason, m.academic_year, m.ver_nr, amount, first_payment_date, second_payment_date,  u.id, u.id_department, u.pseudo, u.name, u.firstname, u.email, u.registration_date, u.permissions, u.birth_date, u.street, u.house_number, u.mailbox, u.zip, u.city, u.country, u.tel, u.gender, u.successfull_year_in_college, u.iban, u.bic, u.account_holder, u.bank_name, u.citizenship, u.ver_nr, pro.id, pro.name, pro.description, pro.ver_nr, par.id, par.id_user, par.legal_name, par.business_name, par.full_name, par.department,par.type, par.nb_employees, par.street, par.number, par.mailbox, par.zip, par.city,par.state,par.country, par.email, par.website, par.exists, par.ver_nr,co.iso, co.name_en, co.name_fr, co.id_program,d.id, d.label, d.ver_nr ,c.id, c.reason, c.responsible, c.ver_nr FROM bmobile.mobilities m LEFT OUTER JOIN bmobile.partners par ON m.id_partner = par.id LEFT OUTER JOIN bmobile.cancelations c ON m.cancelation_reason = c.id, bmobile.users u, bmobile.programs pro, bmobile.countries co, bmobile.departments d WHERE (m.id_student = u.id) AND (m.id_program = pro.id) AND (m.country = co.iso) AND (m.id_department = d.id)ORDER BY m.id ASC
26/04/2016 07:22:45.805 - [dal.DalServicesImpl.executeQuery] - [FINEST] - SELECT m.id, m.id_student, m.id_program, m.id_partner, m.type, m.preference_order, m.country, m.id_department, m.quadrimester, m.status, m.canceled, m.departure_grant_contract, m.departure_convention_internship_schoolarship, m.departure_student_convention, m.departure_erasmus_language_test, m.departure_doc_aggreement, m.depart_doc_sent_highschool, m.software_proeco, m.software_mobility_tools, m.software_mobi, m.return_residence_cert, m.return_transcript, m.return_internship_cert, m.return_final_report, m.return_erasmus_language_test, m.return_doc_sent_highschool, m.cancelation_reason, m.academic_year, m.ver_nr, amount, first_payment_date, second_payment_date,  u.id, u.id_department, u.pseudo, u.name, u.firstname, u.email, u.registration_date, u.permissions, u.birth_date, u.street, u.house_number, u.mailbox, u.zip, u.city, u.country, u.tel, u.gender, u.successfull_year_in_college, u.iban, u.bic, u.account_holder, u.bank_name, u.citizenship, u.ver_nr, pro.id, pro.name, pro.description, pro.ver_nr, par.id, par.id_user, par.legal_name, par.business_name, par.full_name, par.department,par.type, par.nb_employees, par.street, par.number, par.mailbox, par.zip, par.city,par.state,par.country, par.email, par.website, par.exists, par.ver_nr,co.iso, co.name_en, co.name_fr, co.id_program,d.id, d.label, d.ver_nr ,c.id, c.reason, c.responsible, c.ver_nr FROM bmobile.mobilities m LEFT OUTER JOIN bmobile.partners par ON m.id_partner = par.id LEFT OUTER JOIN bmobile.cancelations c ON m.cancelation_reason = c.id, bmobile.users u, bmobile.programs pro, bmobile.countries co, bmobile.departments d WHERE (m.id_student = u.id) AND (m.id_program = pro.id) AND (m.country = co.iso) AND (m.id_department = d.id) AND m.status != 'En attente' AND m.canceled = 'false' ORDER BY m.id ASC
26/04/2016 07:23:23.118 - [dal.DalServicesImpl.executeQuery] - [FINEST] - SELECT m.id, m.id_student, m.id_program, m.id_partner, m.type, m.preference_order, m.country, m.id_department, m.quadrimester, m.status, m.canceled, m.departure_grant_contract, m.departure_convention_internship_schoolarship, m.departure_student_convention, m.departure_erasmus_language_test, m.departure_doc_aggreement, m.depart_doc_sent_highschool, m.software_proeco, m.software_mobility_tools, m.software_mobi, m.return_residence_cert, m.return_transcript, m.return_internship_cert, m.return_final_report, m.return_erasmus_language_test, m.return_doc_sent_highschool, m.cancelation_reason, m.academic_year, m.ver_nr, amount, first_payment_date, second_payment_date,  u.id, u.id_department, u.pseudo, u.name, u.firstname, u.email, u.registration_date, u.permissions, u.birth_date, u.street, u.house_number, u.mailbox, u.zip, u.city, u.country, u.tel, u.gender, u.successfull_year_in_college, u.iban, u.bic, u.account_holder, u.bank_name, u.citizenship, u.ver_nr, pro.id, pro.name, pro.description, pro.ver_nr, par.id, par.id_user, par.legal_name, par.business_name, par.full_name, par.department,par.type, par.nb_employees, par.street, par.number, par.mailbox, par.zip, par.city,par.state,par.country, par.email, par.website, par.exists, par.ver_nr,co.iso, co.name_en, co.name_fr, co.id_program,d.id, d.label, d.ver_nr ,c.id, c.reason, c.responsible, c.ver_nr FROM bmobile.mobilities m LEFT OUTER JOIN bmobile.partners par ON m.id_partner = par.id LEFT OUTER JOIN bmobile.cancelations c ON m.cancelation_reason = c.id, bmobile.users u, bmobile.programs pro, bmobile.countries co, bmobile.departments d WHERE (m.id_student = u.id) AND (m.id_program = pro.id) AND (m.country = co.iso) AND (m.id_department = d.id)ORDER BY m.id ASC
26/04/2016 07:23:25.627 - [dal.DalServicesImpl.executeQuery] - [FINEST] - SELECT m.id, m.id_student, m.id_program, m.id_partner, m.type, m.preference_order, m.country, m.id_department, m.quadrimester, m.status, m.canceled, m.departure_grant_contract, m.departure_convention_internship_schoolarship, m.departure_student_convention, m.departure_erasmus_language_test, m.departure_doc_aggreement, m.depart_doc_sent_highschool, m.software_proeco, m.software_mobility_tools, m.software_mobi, m.return_residence_cert, m.return_transcript, m.return_internship_cert, m.return_final_report, m.return_erasmus_language_test, m.return_doc_sent_highschool, m.cancelation_reason, m.academic_year, m.ver_nr, amount, first_payment_date, second_payment_date,  u.id, u.id_department, u.pseudo, u.name, u.firstname, u.email, u.registration_date, u.permissions, u.birth_date, u.street, u.house_number, u.mailbox, u.zip, u.city, u.country, u.tel, u.gender, u.successfull_year_in_college, u.iban, u.bic, u.account_holder, u.bank_name, u.citizenship, u.ver_nr, pro.id, pro.name, pro.description, pro.ver_nr, par.id, par.id_user, par.legal_name, par.business_name, par.full_name, par.department,par.type, par.nb_employees, par.street, par.number, par.mailbox, par.zip, par.city,par.state,par.country, par.email, par.website, par.exists, par.ver_nr,co.iso, co.name_en, co.name_fr, co.id_program,d.id, d.label, d.ver_nr ,c.id, c.reason, c.responsible, c.ver_nr FROM bmobile.mobilities m LEFT OUTER JOIN bmobile.partners par ON m.id_partner = par.id LEFT OUTER JOIN bmobile.cancelations c ON m.cancelation_reason = c.id, bmobile.users u, bmobile.programs pro, bmobile.countries co, bmobile.departments d WHERE (m.id_student = u.id) AND (m.id_program = pro.id) AND (m.country = co.iso) AND (m.id_department = d.id) AND m.status != 'En attente' AND m.canceled = 'false' ORDER BY m.id ASC
26/04/2016 07:23:38.593 - [dal.DalServicesImpl.executeQuery] - [FINEST] - SELECT m.id, m.id_student, m.id_program, m.id_partner, m.type, m.preference_order, m.country, m.id_department, m.quadrimester, m.status, m.canceled, m.departure_grant_contract, m.departure_convention_internship_schoolarship, m.departure_student_convention, m.departure_erasmus_language_test, m.departure_doc_aggreement, m.depart_doc_sent_highschool, m.software_proeco, m.software_mobility_tools, m.software_mobi, m.return_residence_cert, m.return_transcript, m.return_internship_cert, m.return_final_report, m.return_erasmus_language_test, m.return_doc_sent_highschool, m.cancelation_reason, m.academic_year, m.ver_nr, amount, first_payment_date, second_payment_date,  u.id, u.id_department, u.pseudo, u.name, u.firstname, u.email, u.registration_date, u.permissions, u.birth_date, u.street, u.house_number, u.mailbox, u.zip, u.city, u.country, u.tel, u.gender, u.successfull_year_in_college, u.iban, u.bic, u.account_holder, u.bank_name, u.citizenship, u.ver_nr, pro.id, pro.name, pro.description, pro.ver_nr, par.id, par.id_user, par.legal_name, par.business_name, par.full_name, par.department,par.type, par.nb_employees, par.street, par.number, par.mailbox, par.zip, par.city,par.state,par.country, par.email, par.website, par.exists, par.ver_nr,co.iso, co.name_en, co.name_fr, co.id_program,d.id, d.label, d.ver_nr ,c.id, c.reason, c.responsible, c.ver_nr FROM bmobile.mobilities m LEFT OUTER JOIN bmobile.partners par ON m.id_partner = par.id LEFT OUTER JOIN bmobile.cancelations c ON m.cancelation_reason = c.id, bmobile.users u, bmobile.programs pro, bmobile.countries co, bmobile.departments d WHERE (m.id_student = u.id) AND (m.id_program = pro.id) AND (m.country = co.iso) AND (m.id_department = d.id)ORDER BY m.id ASC
26/04/2016 07:23:40.253 - [dal.DalServicesImpl.executeQuery] - [FINEST] - SELECT DISTINCT academic_year FROM bmobile.mobilities ORDER BY academic_year DESC
26/04/2016 07:23:40.324 - [dal.DalServicesImpl.executeQuery] - [FINEST] - SELECT m.id, m.id_student, m.id_program, m.id_partner, m.type, m.preference_order, m.country, m.id_department, m.quadrimester, m.status, m.canceled, m.departure_grant_contract, m.departure_convention_internship_schoolarship, m.departure_student_convention, m.departure_erasmus_language_test, m.departure_doc_aggreement, m.depart_doc_sent_highschool, m.software_proeco, m.software_mobility_tools, m.software_mobi, m.return_residence_cert, m.return_transcript, m.return_internship_cert, m.return_final_report, m.return_erasmus_language_test, m.return_doc_sent_highschool, m.cancelation_reason, m.academic_year, m.ver_nr, amount, first_payment_date, second_payment_date,  u.id, u.id_department, u.pseudo, u.name, u.firstname, u.email, u.registration_date, u.permissions, u.birth_date, u.street, u.house_number, u.mailbox, u.zip, u.city, u.country, u.tel, u.gender, u.successfull_year_in_college, u.iban, u.bic, u.account_holder, u.bank_name, u.citizenship, u.ver_nr, pro.id, pro.name, pro.description, pro.ver_nr, par.id, par.id_user, par.legal_name, par.business_name, par.full_name, par.department,par.type, par.nb_employees, par.street, par.number, par.mailbox, par.zip, par.city,par.state,par.country, par.email, par.website, par.exists, par.ver_nr,co.iso, co.name_en, co.name_fr, co.id_program,d.id, d.label, d.ver_nr ,c.id, c.reason, c.responsible, c.ver_nr FROM bmobile.mobilities m LEFT OUTER JOIN bmobile.partners par ON m.id_partner = par.id LEFT OUTER JOIN bmobile.cancelations c ON m.cancelation_reason = c.id, bmobile.users u, bmobile.programs pro, bmobile.countries co, bmobile.departments d WHERE (m.id_student = u.id) AND (m.id_program = pro.id) AND (m.country = co.iso) AND (m.id_department = d.id)AND m.academic_year = '2016-2017' ORDER BY m.id ASC
26/04/2016 07:23:52.255 - [dal.DalServicesImpl.executeQuery] - [FINEST] - SELECT m.id, m.id_student, m.id_program, m.id_partner, m.type, m.preference_order, m.country, m.id_department, m.quadrimester, m.status, m.canceled, m.departure_grant_contract, m.departure_convention_internship_schoolarship, m.departure_student_convention, m.departure_erasmus_language_test, m.departure_doc_aggreement, m.depart_doc_sent_highschool, m.software_proeco, m.software_mobility_tools, m.software_mobi, m.return_residence_cert, m.return_transcript, m.return_internship_cert, m.return_final_report, m.return_erasmus_language_test, m.return_doc_sent_highschool, m.cancelation_reason, m.academic_year, m.ver_nr, amount, first_payment_date, second_payment_date,  u.id, u.id_department, u.pseudo, u.name, u.firstname, u.email, u.registration_date, u.permissions, u.birth_date, u.street, u.house_number, u.mailbox, u.zip, u.city, u.country, u.tel, u.gender, u.successfull_year_in_college, u.iban, u.bic, u.account_holder, u.bank_name, u.citizenship, u.ver_nr, pro.id, pro.name, pro.description, pro.ver_nr, par.id, par.id_user, par.legal_name, par.business_name, par.full_name, par.department,par.type, par.nb_employees, par.street, par.number, par.mailbox, par.zip, par.city,par.state,par.country, par.email, par.website, par.exists, par.ver_nr,co.iso, co.name_en, co.name_fr, co.id_program,d.id, d.label, d.ver_nr ,c.id, c.reason, c.responsible, c.ver_nr FROM bmobile.mobilities m LEFT OUTER JOIN bmobile.partners par ON m.id_partner = par.id LEFT OUTER JOIN bmobile.cancelations c ON m.cancelation_reason = c.id, bmobile.users u, bmobile.programs pro, bmobile.countries co, bmobile.departments d WHERE (m.id_student = u.id) AND (m.id_program = pro.id) AND (m.country = co.iso) AND (m.id_department = d.id) AND m.status != 'En attente' AND m.canceled = 'false' ORDER BY m.id ASC
26/04/2016 07:23:53.144 - [dal.DalServicesImpl.executeQuery] - [FINEST] - SELECT m.id, m.id_student, m.id_program, m.id_partner, m.type, m.preference_order, m.country, m.id_department, m.quadrimester, m.status, m.canceled, m.departure_grant_contract, m.departure_convention_internship_schoolarship, m.departure_student_convention, m.departure_erasmus_language_test, m.departure_doc_aggreement, m.depart_doc_sent_highschool, m.software_proeco, m.software_mobility_tools, m.software_mobi, m.return_residence_cert, m.return_transcript, m.return_internship_cert, m.return_final_report, m.return_erasmus_language_test, m.return_doc_sent_highschool, m.cancelation_reason, m.academic_year, m.ver_nr, amount, first_payment_date, second_payment_date,  u.id, u.id_department, u.pseudo, u.name, u.firstname, u.email, u.registration_date, u.permissions, u.birth_date, u.street, u.house_number, u.mailbox, u.zip, u.city, u.country, u.tel, u.gender, u.successfull_year_in_college, u.iban, u.bic, u.account_holder, u.bank_name, u.citizenship, u.ver_nr, pro.id, pro.name, pro.description, pro.ver_nr, par.id, par.id_user, par.legal_name, par.business_name, par.full_name, par.department,par.type, par.nb_employees, par.street, par.number, par.mailbox, par.zip, par.city,par.state,par.country, par.email, par.website, par.exists, par.ver_nr,co.iso, co.name_en, co.name_fr, co.id_program,d.id, d.label, d.ver_nr ,c.id, c.reason, c.responsible, c.ver_nr FROM bmobile.mobilities m LEFT OUTER JOIN bmobile.partners par ON m.id_partner = par.id LEFT OUTER JOIN bmobile.cancelations c ON m.cancelation_reason = c.id, bmobile.users u, bmobile.programs pro, bmobile.countries co, bmobile.departments d WHERE (m.id_student = u.id) AND (m.id_program = pro.id) AND (m.country = co.iso) AND (m.id_department = d.id) AND m.id = 4
26/04/2016 07:23:53.262 - [dal.DalServicesImpl.executeQuery] - [FINEST] - SELECT m.id, m.id_student, m.id_program, m.id_partner, m.type, m.preference_order, m.country, m.id_department, m.quadrimester, m.status, m.canceled, m.departure_grant_contract, m.departure_convention_internship_schoolarship, m.departure_student_convention, m.departure_erasmus_language_test, m.departure_doc_aggreement, m.depart_doc_sent_highschool, m.software_proeco, m.software_mobility_tools, m.software_mobi, m.return_residence_cert, m.return_transcript, m.return_internship_cert, m.return_final_report, m.return_erasmus_language_test, m.return_doc_sent_highschool, m.cancelation_reason, m.academic_year, m.ver_nr, amount, first_payment_date, second_payment_date,  u.id, u.id_department, u.pseudo, u.name, u.firstname, u.email, u.registration_date, u.permissions, u.birth_date, u.street, u.house_number, u.mailbox, u.zip, u.city, u.country, u.tel, u.gender, u.successfull_year_in_college, u.iban, u.bic, u.account_holder, u.bank_name, u.citizenship, u.ver_nr, pro.id, pro.name, pro.description, pro.ver_nr, par.id, par.id_user, par.legal_name, par.business_name, par.full_name, par.department,par.type, par.nb_employees, par.street, par.number, par.mailbox, par.zip, par.city,par.state,par.country, par.email, par.website, par.exists, par.ver_nr,co.iso, co.name_en, co.name_fr, co.id_program,d.id, d.label, d.ver_nr ,c.id, c.reason, c.responsible, c.ver_nr FROM bmobile.mobilities m LEFT OUTER JOIN bmobile.partners par ON m.id_partner = par.id LEFT OUTER JOIN bmobile.cancelations c ON m.cancelation_reason = c.id, bmobile.users u, bmobile.programs pro, bmobile.countries co, bmobile.departments d WHERE (m.id_student = u.id) AND (m.id_program = pro.id) AND (m.country = co.iso) AND (m.id_department = d.id) AND m.id = 4
26/04/2016 07:23:53.262 - [dal.DalServicesImpl.executeQuery] - [FINEST] - SELECT m.id, m.id_student, m.id_program, m.id_partner, m.type, m.preference_order, m.country, m.id_department, m.quadrimester, m.status, m.canceled, m.departure_grant_contract, m.departure_convention_internship_schoolarship, m.departure_student_convention, m.departure_erasmus_language_test, m.departure_doc_aggreement, m.depart_doc_sent_highschool, m.software_proeco, m.software_mobility_tools, m.software_mobi, m.return_residence_cert, m.return_transcript, m.return_internship_cert, m.return_final_report, m.return_erasmus_language_test, m.return_doc_sent_highschool, m.cancelation_reason, m.academic_year, m.ver_nr, amount, first_payment_date, second_payment_date,  u.id, u.id_department, u.pseudo, u.name, u.firstname, u.email, u.registration_date, u.permissions, u.birth_date, u.street, u.house_number, u.mailbox, u.zip, u.city, u.country, u.tel, u.gender, u.successfull_year_in_college, u.iban, u.bic, u.account_holder, u.bank_name, u.citizenship, u.ver_nr, pro.id, pro.name, pro.description, pro.ver_nr, par.id, par.id_user, par.legal_name, par.business_name, par.full_name, par.department,par.type, par.nb_employees, par.street, par.number, par.mailbox, par.zip, par.city,par.state,par.country, par.email, par.website, par.exists, par.ver_nr,co.iso, co.name_en, co.name_fr, co.id_program,d.id, d.label, d.ver_nr ,c.id, c.reason, c.responsible, c.ver_nr FROM bmobile.mobilities m LEFT OUTER JOIN bmobile.partners par ON m.id_partner = par.id LEFT OUTER JOIN bmobile.cancelations c ON m.cancelation_reason = c.id, bmobile.users u, bmobile.programs pro, bmobile.countries co, bmobile.departments d WHERE (m.id_student = u.id) AND (m.id_program = pro.id) AND (m.country = co.iso) AND (m.id_department = d.id) AND m.id = 4
26/04/2016 07:23:53.149 - [dal.DalServicesImpl.executeQuery] - [FINEST] - SELECT m.id, m.id_student, m.id_program, m.id_partner, m.type, m.preference_order, m.country, m.id_department, m.quadrimester, m.status, m.canceled, m.departure_grant_contract, m.departure_convention_internship_schoolarship, m.departure_student_convention, m.departure_erasmus_language_test, m.departure_doc_aggreement, m.depart_doc_sent_highschool, m.software_proeco, m.software_mobility_tools, m.software_mobi, m.return_residence_cert, m.return_transcript, m.return_internship_cert, m.return_final_report, m.return_erasmus_language_test, m.return_doc_sent_highschool, m.cancelation_reason, m.academic_year, m.ver_nr, amount, first_payment_date, second_payment_date,  u.id, u.id_department, u.pseudo, u.name, u.firstname, u.email, u.registration_date, u.permissions, u.birth_date, u.street, u.house_number, u.mailbox, u.zip, u.city, u.country, u.tel, u.gender, u.successfull_year_in_college, u.iban, u.bic, u.account_holder, u.bank_name, u.citizenship, u.ver_nr, pro.id, pro.name, pro.description, pro.ver_nr, par.id, par.id_user, par.legal_name, par.business_name, par.full_name, par.department,par.type, par.nb_employees, par.street, par.number, par.mailbox, par.zip, par.city,par.state,par.country, par.email, par.website, par.exists, par.ver_nr,co.iso, co.name_en, co.name_fr, co.id_program,d.id, d.label, d.ver_nr ,c.id, c.reason, c.responsible, c.ver_nr FROM bmobile.mobilities m LEFT OUTER JOIN bmobile.partners par ON m.id_partner = par.id LEFT OUTER JOIN bmobile.cancelations c ON m.cancelation_reason = c.id, bmobile.users u, bmobile.programs pro, bmobile.countries co, bmobile.departments d WHERE (m.id_student = u.id) AND (m.id_program = pro.id) AND (m.country = co.iso) AND (m.id_department = d.id) AND m.id = 4
26/04/2016 07:24:00.106 - [dal.DalServicesImpl.executeQuery] - [FINEST] - SELECT m.id, m.id_student, m.id_program, m.id_partner, m.type, m.preference_order, m.country, m.id_department, m.quadrimester, m.status, m.canceled, m.departure_grant_contract, m.departure_convention_internship_schoolarship, m.departure_student_convention, m.departure_erasmus_language_test, m.departure_doc_aggreement, m.depart_doc_sent_highschool, m.software_proeco, m.software_mobility_tools, m.software_mobi, m.return_residence_cert, m.return_transcript, m.return_internship_cert, m.return_final_report, m.return_erasmus_language_test, m.return_doc_sent_highschool, m.cancelation_reason, m.academic_year, m.ver_nr, amount, first_payment_date, second_payment_date,  u.id, u.id_department, u.pseudo, u.name, u.firstname, u.email, u.registration_date, u.permissions, u.birth_date, u.street, u.house_number, u.mailbox, u.zip, u.city, u.country, u.tel, u.gender, u.successfull_year_in_college, u.iban, u.bic, u.account_holder, u.bank_name, u.citizenship, u.ver_nr, pro.id, pro.name, pro.description, pro.ver_nr, par.id, par.id_user, par.legal_name, par.business_name, par.full_name, par.department,par.type, par.nb_employees, par.street, par.number, par.mailbox, par.zip, par.city,par.state,par.country, par.email, par.website, par.exists, par.ver_nr,co.iso, co.name_en, co.name_fr, co.id_program,d.id, d.label, d.ver_nr ,c.id, c.reason, c.responsible, c.ver_nr FROM bmobile.mobilities m LEFT OUTER JOIN bmobile.partners par ON m.id_partner = par.id LEFT OUTER JOIN bmobile.cancelations c ON m.cancelation_reason = c.id, bmobile.users u, bmobile.programs pro, bmobile.countries co, bmobile.departments d WHERE (m.id_student = u.id) AND (m.id_program = pro.id) AND (m.country = co.iso) AND (m.id_department = d.id)ORDER BY m.id ASC
